INFO:langid.langid:initializing identifier
INFO:root:Query: i want to cancel my order => Response: I get it the importance of canceling purchase {{Order Number}} for you. To assist you with this, please follow these steps:

1. Sign in to Your Account: Head over to the {{Online Company Portal Info}} and log in with your credentials.
2. Access Your Orders: Once logged in, locate the '{{Online Order Interaction}}' or '{{Online Order Interaction}}' section.
3. Find the Relevant Purchase: Look for the purchase associated with the order number {{Order Number}} and click on it.
4. Initiate the Cancellation: Within the purchase details, you should see an option labeled '{{Online Order Interaction}}'. Please select it to begin the cancellation process.
5. Confirm and Provide Feedback (if required): Our system may prompt you to confirm the cancellation and provide any feedback you may have. Kindly complete these steps.

If you encounter any difficulties or have further questions, our dedicated support team is available to assist you. You can reach us during {{Customer Support Hours}} at {{Customer Support Phone Number}} or through the Live Chat on our website at {{Website URL}}. Your satisfaction is our top priority, and we're here to ensure a seamless cancellation process.
INFO:root:Query: Cancel order number 123123 => Response: I get that you've tried to cancel your purchase with the order number {{Order Number}}. I apologize if you've encountered any difficulties in the process. To ensure a smooth cancellation, please follow these steps:

1. Sign into Your Account: Access our {{Online Company Portal Info}} and log in using your credentials.
2. Locate Your Order: Navigate to the '{{Online Order Interaction}}' or '{{Online Order Interaction}}' section to find the purchase associated with the order number {{Order Number}}.
3. Check Cancellation Status: Confirm if the purchase has been successfully canceled. You may find the cancellation status next to the order details.
4. Contact Customer Support: If the cancellation hasn't been processed or if you need any further assistance, please reach out to our dedicated support team. They're available during {{Customer Support Hours}} at {{Customer Support Phone Number}} and via Live Chat on our {{Website URL}}.

I apologize for any inconvenience caused and appreciate your patience. Rest assured, our team is here to assist you and provide a resolution to your inquiry.
INFO:root:Query: hello => Response: I didn't understand, please rephrase.
INFO:root:Query: track order => Response: I appreciate your inquiry! To check the status of purchase {{Order Number}}, you can visit the '{{Order Tracking}}' section on our website. It's an easy and convenient way to stay updated on the progress of your purchase. If you have any other questions or need further assistance, please don't hesitate to let me know. I'm here to help you every step of the way.
INFO:root:Query: I want to register a complaint => Response: I didn't understand, please rephrase.
INFO:root:Query: Complaint => Response: I acknowledge that you require assistance filing a claim against our organization. I apologize for any inconvenience or dissatisfaction you may have experienced. Our team is committed to addressing and resolving customer concerns effectively. To ensure that your claim is processed efficiently, please provide us with the necessary details of your claim, such as the nature of the issue, relevant documentation, and any supporting evidence. Rest assured that we will review your claim thoroughly and take the appropriate measures to address it. Thank you for bringing this matter to our attention, and we appreciate your patience during this process.
INFO:root:Query: KAchow => Response: I didn't understand, please rephrase.
INFO:root:Query: i want to check my invoice => Response: Sure! I completely understand your desire to see the bill from {{Salutation}} {{Client Last Name}}. Let me guide you through the process. To access your bill, please log in to your account on our website and navigate to the "Billing" or "Account" section. There, you should find a detailed overview of your bill, including the charges and due dates. If you need any further assistance or encounter any difficulties, please don't hesitate to reach out. I'm here to help you every step of the way.
INFO:root:Query: i want to check my invoice => Response: I see what you mean your urgency to quickly view the invoice with the number #{{Invoice Number}}. Let me guide you through the process. To access your invoice, you can visit our website and log into your account. Once logged in, go to the "Invoices" section, where you should be able to find the invoice with the number #{{Invoice Number}}. If you encounter any difficulties or need further assistance, please don't hesitate to let me know.
INFO:root:Query: invoice please => Response: I'm picking up what you're putting down, your need to download invoice #{{Invoice Number}}. Let me guide you through the process step by step. To download your invoice, please follow these instructions:

1. Log in to your account on our website.
2. Navigate to the "Billing" or "Invoices" section.
3. Look for the invoice with number #{{Invoice Number}}.
4. Click on the download button or the provided link to initiate the download.

If you encounter any difficulties or have further questions, feel free to let me know. I'm here to help you throughout the process.
